<?xml version="1.0" encoding="UTF-8"?>
<!-- Generated by org.testng.reporters.JUnitXMLReporter -->
<testsuite hostname="arkas-MacBook-Pro.local" ignored="0" name="Default test" tests="3" failures="0" timestamp="02 Jun 2018 12:23:01 GMT" time="3.356" errors="0">
  <testcase name="ValidateStatusCode" time="0.023" classname="com.GetRestAssuredSecondAssignment.qa.TestCase.GetMethodsRestAssuredTest"/>
  <testcase name="ValidateResponseBody" time="0.031" classname="com.GetRestAssuredSecondAssignment.qa.TestCase.GetMethodsRestAssuredTest"/>
  <testcase name="ValidateHeader" time="0.002" classname="com.GetRestAssuredSecondAssignment.qa.TestCase.GetMethodsRestAssuredTest"/>
</testsuite> <!-- Default test -->
